<?xml version="1.0" encoding="UTF-8"?>
<testsuite hostname="MacBook-Air-losyash.local" tests="11" failures="0" timestamp="6 Oct 2013 22:07:31 GMT" time="0.411" errors="0">
  <testcase name="checkSize" time="0.004" classname="HammingNetworkTest"/>
  <testcase name="recognize" time="0.269" classname="HammingNetworkTest"/>
  <testcase name="train" time="0.0" classname="HammingNetworkTest"/>
  <testcase name="checkInit" time="0.001" classname="MaxNetworkTest"/>
  <testcase name="checkNeurons" time="0.0" classname="MaxNetworkTest"/>
  <testcase name="checkOutput" time="0.001" classname="MaxNetworkTest"/>
  <testcase name="checkProcess" time="0.0" classname="MaxNetworkTest"/>
  <testcase name="checkStart" time="0.046" classname="MaxNetworkTest"/>
  <testcase name="activationTest" time="0.001" classname="NeuronTest"/>
  <testcase name="calculationTest" time="0.009" classname="NeuronTest"/>
  <testcase name="nonActivationTest" time="0.001" classname="NeuronTest"/>
</testsuite>
