<?xml version="1.0" encoding="UTF-8"?>
<testng-results skipped="0" failed="0" total="11" passed="11">
  <reporter-output>
  </reporter-output>
  <suite name="Command line suite" duration-ms="411" started-at="2013-10-07T02:07:30Z" finished-at="2013-10-07T02:07:31Z">
    <groups>
    </groups>
    <test name="Command line test" duration-ms="411" started-at="2013-10-07T02:07:30Z" finished-at="2013-10-07T02:07:31Z">
      <class name="NeuronTest">
        <test-method status="PASS" signature="init()" name="init" is-config="true" duration-ms="1" started-at="2013-10-07T02:07:31Z" finished-at="2013-10-07T02:07:31Z">
        </test-method>
        <test-method status="PASS" signature="activationTest()" name="activationTest" duration-ms="1" started-at="2013-10-07T02:07:31Z" finished-at="2013-10-07T02:07:31Z">
        </test-method>
        <test-method status="PASS" signature="calculationTest()" name="calculationTest" duration-ms="9" started-at="2013-10-07T02:07:31Z" finished-at="2013-10-07T02:07:31Z">
        </test-method>
        <test-method status="PASS" signature="nonActivationTest()" name="nonActivationTest" duration-ms="1" started-at="2013-10-07T02:07:31Z" finished-at="2013-10-07T02:07:31Z">
        </test-method>
      </class>
      <class name="MaxNetworkTest">
        <test-method status="PASS" signature="checkInit()" name="checkInit" duration-ms="1" started-at="2013-10-07T02:07:31Z" finished-at="2013-10-07T02:07:31Z">
        </test-method>
        <test-method status="PASS" signature="checkNeurons()" name="checkNeurons" duration-ms="0" started-at="2013-10-07T02:07:31Z" finished-at="2013-10-07T02:07:31Z">
        </test-method>
        <test-method status="PASS" signature="checkOutput()" name="checkOutput" duration-ms="1" started-at="2013-10-07T02:07:31Z" finished-at="2013-10-07T02:07:31Z">
        </test-method>
        <test-method status="PASS" signature="checkProcess()" name="checkProcess" duration-ms="0" started-at="2013-10-07T02:07:31Z" finished-at="2013-10-07T02:07:31Z">
        </test-method>
        <test-method status="PASS" signature="checkStart()" name="checkStart" duration-ms="46" started-at="2013-10-07T02:07:31Z" finished-at="2013-10-07T02:07:31Z">
        </test-method>
      </class>
      <class name="HammingNetworkTest">
        <test-method status="PASS" signature="init()" name="init" is-config="true" duration-ms="57" started-at="2013-10-07T02:07:30Z" finished-at="2013-10-07T02:07:30Z">
        </test-method>
        <test-method status="PASS" signature="checkSize()" name="checkSize" duration-ms="4" started-at="2013-10-07T02:07:30Z" finished-at="2013-10-07T02:07:30Z">
        </test-method>
        <test-method status="PASS" signature="recognize()" name="recognize" duration-ms="269" started-at="2013-10-07T02:07:30Z" finished-at="2013-10-07T02:07:31Z">
        </test-method>
        <test-method status="PASS" signature="train()" name="train" duration-ms="0" started-at="2013-10-07T02:07:31Z" finished-at="2013-10-07T02:07:31Z">
        </test-method>
      </class>
    </test>
  </suite>
</testng-results>
